SF:lib/data/dataSource/car_parking_apidata_source_impl.dart
DA:15,0
DA:17,0
DA:20,0
DA:21,0
DA:22,0
DA:23,0
DA:24,0
DA:27,0
DA:30,0
LF:9
LH:0
end_of_record
SF:lib/data/mappers/car_parking_domain_model_mapper.dart
DA:7,0
DA:9,0
DA:10,0
DA:11,0
DA:12,0
DA:13,0
LF:6
LH:0
end_of_record
SF:lib/data/model/parking_domain_model.dart
DA:10,5
DA:15,1
DA:17,2
DA:18,10
DA:20,1
DA:21,1
DA:22,1
DA:23,1
DA:24,1
DA:25,1
DA:29,1
DA:30,1
DA:31,1
DA:32,1
DA:33,1
DA:34,1
LF:16
LH:16
end_of_record
SF:lib/domain/entity/parking_domain_entity.dart
DA:9,7
DA:16,0
DA:17,0
LF:3
LH:1
end_of_record
SF:lib/car_parking_injection.dart
DA:22,0
DA:26,0
DA:28,0
DA:29,0
DA:30,0
DA:31,0
DA:32,0
DA:35,0
DA:36,0
DA:37,0
DA:38,0
DA:41,0
DA:42,0
DA:43,0
DA:48,0
DA:49,0
DA:50,0
DA:51,0
DA:55,0
DA:56,0
DA:57,0
DA:61,0
DA:62,0
DA:66,0
DA:67,0
LF:25
LH:0
end_of_record
SF:lib/data/repository/carparking_repository_impl.dart
DA:13,1
DA:15,1
DA:19,3
DA:25,0
DA:29,0
LF:5
LH:3
end_of_record
SF:lib/domain/usecase/get_parking_slot.dart
DA:11,1
DA:13,1
DA:16,4
DA:18,0
DA:27,2
DA:29,1
DA:30,3
LF:7
LH:6
end_of_record
SF:lib/injection_module.dart
DA:7,0
LF:1
LH:0
end_of_record
SF:lib/presentation/bloc/car_parking_cubit.dart
DA:15,1
DA:17,2
DA:18,1
DA:21,1
DA:24,3
DA:28,1
DA:29,1
DA:30,3
DA:32,1
DA:33,3
DA:34,2
DA:39,1
DA:40,3
DA:41,1
DA:42,1
DA:43,3
DA:45,1
DA:46,3
DA:47,1
DA:52,1
DA:53,2
LF:21
LH:21
end_of_record
SF:lib/domain/usecase/release_parking_slot.dart
DA:13,0
DA:17,0
DA:20,0
DA:22,0
DA:32,1
DA:35,1
DA:36,4
LF:7
LH:3
end_of_record
SF:lib/errors.dart
DA:7,8
DA:9,0
DA:10,0
DA:15,8
DA:20,0
LF:5
LH:2
end_of_record
SF:lib/domain/usecase/usecase_params.dart
DA:8,0
DA:10,0
DA:13,0
DA:15,0
DA:16,0
LF:5
LH:0
end_of_record
SF:lib/injection.config.dart
DA:22,0
DA:26,0
DA:31,0
DA:32,0
DA:33,0
DA:35,0
DA:36,0
LF:7
LH:0
end_of_record
SF:lib/injection.dart
DA:7,0
DA:9,0
DA:11,0
DA:12,0
LF:4
LH:0
end_of_record
SF:lib/presentation/bloc/car_parking_states.dart
DA:5,8
DA:7,0
DA:8,0
DA:12,0
DA:13,0
DA:17,0
DA:18,0
DA:24,1
DA:26,1
DA:27,2
DA:33,7
DA:35,1
DA:36,2
DA:41,1
DA:43,1
DA:44,2
DA:49,1
DA:51,1
DA:52,2
LF:19
LH:13
end_of_record
SF:lib/presentation/pages/main.dart
DA:8,0
DA:9,0
DA:10,0
DA:14,7
DA:17,0
DA:19,0
DA:21,0
DA:30,7
DA:34,0
DA:35,0
DA:43,0
DA:44,0
DA:45,0
DA:49,0
DA:51,0
DA:52,0
DA:53,0
DA:54,0
DA:55,0
DA:61,0
DA:63,0
DA:64,0
DA:65,0
DA:66,0
DA:67,0
DA:73,0
DA:74,0
DA:75,0
DA:76,0
DA:82,0
DA:83,0
DA:84,0
DA:85,0
DA:86,0
DA:87,0
DA:88,0
DA:89,0
DA:91,0
DA:93,0
DA:98,0
DA:100,0
DA:102,0
DA:104,0
DA:105,0
DA:107,0
DA:109,0
DA:110,0
DA:111,0
DA:113,0
DA:116,0
DA:122,0
DA:123,0
DA:124,0
DA:125,0
DA:127,0
DA:128,0
DA:133,0
DA:135,0
DA:137,0
DA:139,0
DA:140,0
DA:142,0
DA:144,0
DA:145,0
DA:146,0
DA:148,0
DA:151,0
DA:156,0
DA:157,0
DA:162,0
DA:163,0
DA:164,0
DA:165,0
DA:167,0
DA:168,0
DA:170,0
DA:171,0
DA:173,0
DA:175,0
DA:176,0
DA:178,0
DA:184,0
DA:185,0
DA:191,0
LF:84
LH:2
end_of_record
